demo/build/intermediates/manifest_merge_blame_file/debug/manifest-merger-blame-debug-report.txt
1<?xml version="1.0" encoding="utf-8"?>
2<manifest xmlns:android="http://schemas.android.com/apk/res/android"
3    package="com.google.maps.android.utils.demo"
4    android:versionCode="1"
5    android:versionName="1.0" >
6
7    <uses-sdk
8        android:minSdkVersion="14"
8-->android-maps-utils/demo/AndroidManifest.xml
9        android:targetSdkVersion="28" />
9-->android-maps-utils/demo/AndroidManifest.xml
10
11    <permission
11-->android-maps-utils/demo/AndroidManifest.xml:7:5-9:47
12        android:name="com.google.maps.android.utils.permission.MAPS_RECEIVE"
12-->android-maps-utils/demo/AndroidManifest.xml:8:9-77
13        android:protectionLevel="signature" />
13-->android-maps-utils/demo/AndroidManifest.xml:9:9-44
14
15    <uses-permission android:name="com.google.maps.android.utils.permission.MAPS_RECEIVE" />
15-->android-maps-utils/demo/AndroidManifest.xml:11:5-93
15-->android-maps-utils/demo/AndroidManifest.xml:11:22-90
16    <uses-permission android:name="android.permission.INTERNET" />
16-->android-maps-utils/demo/AndroidManifest.xml:13:5-67
16-->android-maps-utils/demo/AndroidManifest.xml:13:22-64
17    <uses-permission android:name="android.permission.ACCESS_NETWORK_STATE" />
17-->android-maps-utils/demo/AndroidManifest.xml:14:5-79
17-->android-maps-utils/demo/AndroidManifest.xml:14:22-76
18    <uses-permission android:name="android.permission.WRITE_EXTERNAL_STORAGE" />
18-->android-maps-utils/demo/AndroidManifest.xml:15:5-81
18-->android-maps-utils/demo/AndroidManifest.xml:15:22-78
19    <uses-permission android:name="com.google.android.providers.gsf.permission.READ_GSERVICES" />
19-->android-maps-utils/demo/AndroidManifest.xml:16:5-98
19-->android-maps-utils/demo/AndroidManifest.xml:16:22-95
20    <uses-permission android:name="android.permission.ACCESS_COARSE_LOCATION" />
20-->android-maps-utils/demo/AndroidManifest.xml:18:5-81
20-->android-maps-utils/demo/AndroidManifest.xml:18:22-78
21    <uses-permission android:name="android.permission.ACCESS_FINE_LOCATION" />
21-->android-maps-utils/demo/AndroidManifest.xml:19:5-79
21-->android-maps-utils/demo/AndroidManifest.xml:19:22-76
22
23    <uses-feature
23-->android-maps-utils/demo/AndroidManifest.xml:21:5-23:35
24        android:glEsVersion="0x00020000"
24-->android-maps-utils/demo/AndroidManifest.xml:22:9-41
25        android:required="true" />
25-->android-maps-utils/demo/AndroidManifest.xml:23:9-32
26
27    <application
27-->android-maps-utils/demo/AndroidManifest.xml:25:5-62:19
28        android:allowBackup="false"
28-->android-maps-utils/demo/AndroidManifest.xml:26:9-36
29        android:appComponentFactory="androidx.core.app.CoreComponentFactory"
29-->[androidx.core:core:1.0.2] AndroidManifest.xml:22:18-86
30        android:debuggable="true"
31        android:icon="@drawable/ic_launcher"
31-->android-maps-utils/demo/AndroidManifest.xml:27:9-45
32        android:label="@string/app_name"
32-->android-maps-utils/demo/AndroidManifest.xml:28:9-41
33        android:testOnly="true"
34        android:theme="@style/LightThemeSelector" >
34-->android-maps-utils/demo/AndroidManifest.xml:29:9-50
35        <meta-data
35-->android-maps-utils/demo/AndroidManifest.xml:31:9-33:69
36            android:name="com.google.android.gms.version"
36-->android-maps-utils/demo/AndroidManifest.xml:32:13-58
37            android:value="@integer/google_play_services_version" />
37-->android-maps-utils/demo/AndroidManifest.xml:33:13-66
38        <meta-data
38-->android-maps-utils/demo/AndroidManifest.xml:35:9-37:71
39            android:name="com.google.android.geo.API_KEY"
39-->android-maps-utils/demo/AndroidManifest.xml:36:13-58
40            android:value="AIzaSyDCa5WRSMk3CrNSf3y5xbyQTvp1_zwuTtE" />
40-->android-maps-utils/demo/AndroidManifest.xml:37:13-68
41
42        <activity
42-->android-maps-utils/demo/AndroidManifest.xml:39:9-46:20
43            android:name="com.google.maps.android.utils.demo.MainActivity"
43-->android-maps-utils/demo/AndroidManifest.xml:40:13-41
44            android:label="@string/app_name" >
44-->android-maps-utils/demo/AndroidManifest.xml:41:13-45
45            <intent-filter>
45-->android-maps-utils/demo/AndroidManifest.xml:42:13-45:29
46                <action android:name="android.intent.action.MAIN" />
46-->android-maps-utils/demo/AndroidManifest.xml:43:17-69
46-->android-maps-utils/demo/AndroidManifest.xml:43:25-66
47
48                <category android:name="android.intent.category.LAUNCHER" />
48-->android-maps-utils/demo/AndroidManifest.xml:44:17-77
48-->android-maps-utils/demo/AndroidManifest.xml:44:27-74
49            </intent-filter>
50        </activity>
51        <activity android:name="com.google.maps.android.utils.demo.PolyDecodeDemoActivity" />
51-->android-maps-utils/demo/AndroidManifest.xml:48:9-60
51-->android-maps-utils/demo/AndroidManifest.xml:48:19-57
52        <activity android:name="com.google.maps.android.utils.demo.PolySimplifyDemoActivity" />
52-->android-maps-utils/demo/AndroidManifest.xml:49:9-62
52-->android-maps-utils/demo/AndroidManifest.xml:49:19-59
53        <activity android:name="com.google.maps.android.utils.demo.IconGeneratorDemoActivity" />
53-->android-maps-utils/demo/AndroidManifest.xml:50:9-63
53-->android-maps-utils/demo/AndroidManifest.xml:50:19-60
54        <activity android:name="com.google.maps.android.utils.demo.DistanceDemoActivity" />
54-->android-maps-utils/demo/AndroidManifest.xml:51:9-58
54-->android-maps-utils/demo/AndroidManifest.xml:51:19-55
55        <activity android:name="com.google.maps.android.utils.demo.ClusteringDemoActivity" />
55-->android-maps-utils/demo/AndroidManifest.xml:52:9-60
55-->android-maps-utils/demo/AndroidManifest.xml:52:19-57
56        <activity android:name="com.google.maps.android.utils.demo.BigClusteringDemoActivity" />
56-->android-maps-utils/demo/AndroidManifest.xml:53:9-63
56-->android-maps-utils/demo/AndroidManifest.xml:53:19-60
57        <activity android:name="com.google.maps.android.utils.demo.VisibleClusteringDemoActivity" />
57-->android-maps-utils/demo/AndroidManifest.xml:54:9-67
57-->android-maps-utils/demo/AndroidManifest.xml:54:19-64
58        <activity android:name="com.google.maps.android.utils.demo.CustomMarkerClusteringDemoActivity" />
58-->android-maps-utils/demo/AndroidManifest.xml:55:9-72
58-->android-maps-utils/demo/AndroidManifest.xml:55:19-69
59        <activity android:name="com.google.maps.android.utils.demo.TileProviderAndProjectionDemo" />
59-->android-maps-utils/demo/AndroidManifest.xml:56:9-67
59-->android-maps-utils/demo/AndroidManifest.xml:56:19-64
60        <activity android:name="com.google.maps.android.utils.demo.HeatmapsDemoActivity" />
60-->android-maps-utils/demo/AndroidManifest.xml:57:9-58
60-->android-maps-utils/demo/AndroidManifest.xml:57:19-55
61        <activity android:name="com.google.maps.android.utils.demo.HeatmapsPlacesDemoActivity" />
61-->android-maps-utils/demo/AndroidManifest.xml:58:9-64
61-->android-maps-utils/demo/AndroidManifest.xml:58:19-61
62        <activity android:name="com.google.maps.android.utils.demo.GeoJsonDemoActivity" />
62-->android-maps-utils/demo/AndroidManifest.xml:59:9-57
62-->android-maps-utils/demo/AndroidManifest.xml:59:19-54
63        <activity android:name="com.google.maps.android.utils.demo.KmlDemoActivity" />
63-->android-maps-utils/demo/AndroidManifest.xml:60:9-53
63-->android-maps-utils/demo/AndroidManifest.xml:60:19-50
64
65        <!-- Needs to be explicitly declared on P+ -->
66        <uses-library
66-->[com.google.android.gms:play-services-maps:17.0.0] AndroidManifest.xml:33:9-35:40
67            android:name="org.apache.http.legacy"
67-->[com.google.android.gms:play-services-maps:17.0.0] AndroidManifest.xml:34:13-50
68            android:required="false" />
68-->[com.google.android.gms:play-services-maps:17.0.0] AndroidManifest.xml:35:13-37
69
70        <activity
70-->[com.google.android.gms:play-services-base:17.0.0] AndroidManifest.xml:23:9-26:75
71            android:name="com.google.android.gms.common.api.GoogleApiActivity"
71-->[com.google.android.gms:play-services-base:17.0.0] AndroidManifest.xml:24:13-79
72            android:exported="false"
72-->[com.google.android.gms:play-services-base:17.0.0] AndroidManifest.xml:25:13-37
73            android:theme="@android:style/Theme.Translucent.NoTitleBar" />
73-->[com.google.android.gms:play-services-base:17.0.0] AndroidManifest.xml:26:13-72
74    </application>
75
76</manifest>